BOT_VIEWER_PRETTIER: 0
Using X Visual 0x20
loading new robot with 2 links
successfully loaded model
loading new robot with 2 links
successfully loaded model
loading new robot with 2 links
successfully loaded model
loading new robot with 2 links
successfully loaded model
loading new robot with 2 links
successfully loaded model
loading new robot with 2 links
successfully loaded model
loading new robot with 2 links
successfully loaded model
loading new robot with 2 links
successfully loaded model
loading new robot with 2 links
successfully loaded model
loading new robot with 2 links
successfully loaded model
loading new robot with 2 links
successfully loaded model
loading new robot with 2 links
successfully loaded model
loading new robot with 2 links
successfully loaded model
loading new robot with 2 links
successfully loaded model
skipping pan:      -28.639389      -22.855380
skipping pan:      -30.101762      -20.856387
loading new robot with 2 links
successfully loaded model
loading new robot with 2 links
successfully loaded model
loading new robot with 2 links
successfully loaded model
loading new robot with 2 links
successfully loaded model
